0 info it worked if it ends with ok
1 verbose cli [ '/usr/local/bin/node', '/usr/local/bin/npm', 'publish' ]
2 info using npm@1.4.28
3 info using node@v0.10.34
4 verbose publish [ '.' ]
5 verbose cache add [ '.', null ]
6 verbose cache add name=undefined spec="." args=[".",null]
7 verbose parsed url { protocol: null,
7 verbose parsed url   slashes: null,
7 verbose parsed url   auth: null,
7 verbose parsed url   host: null,
7 verbose parsed url   port: null,
7 verbose parsed url   hostname: null,
7 verbose parsed url   hash: null,
7 verbose parsed url   search: null,
7 verbose parsed url   query: null,
7 verbose parsed url   pathname: '.',
7 verbose parsed url   path: '.',
7 verbose parsed url   href: '.' }
8 silly lockFile 3a52ce78- .
9 verbose lock . /home/undertuga/.npm/3a52ce78-.lock
10 verbose tar pack [ '/home/undertuga/.npm/ipv4-tools/0.1.5/package.tgz', '.' ]
11 verbose tarball /home/undertuga/.npm/ipv4-tools/0.1.5/package.tgz
12 verbose folder .
13 info prepublish ipv4-tools@0.1.5
14 silly lockFile 1f1177db-tar tar://.
15 verbose lock tar://. /home/undertuga/.npm/1f1177db-tar.lock
16 silly lockFile 148aee8f-npm-ipv4-tools-0-1-5-package-tgz tar:///home/undertuga/.npm/ipv4-tools/0.1.5/package.tgz
17 verbose lock tar:///home/undertuga/.npm/ipv4-tools/0.1.5/package.tgz /home/undertuga/.npm/148aee8f-npm-ipv4-tools-0-1-5-package-tgz.lock
18 silly lockFile 1f1177db-tar tar://.
19 silly lockFile 1f1177db-tar tar://.
20 silly lockFile 148aee8f-npm-ipv4-tools-0-1-5-package-tgz tar:///home/undertuga/.npm/ipv4-tools/0.1.5/package.tgz
21 silly lockFile 148aee8f-npm-ipv4-tools-0-1-5-package-tgz tar:///home/undertuga/.npm/ipv4-tools/0.1.5/package.tgz
22 silly lockFile d974bbcf-uga-npm-ipv4-tools-0-1-5-package /home/undertuga/.npm/ipv4-tools/0.1.5/package
23 verbose lock /home/undertuga/.npm/ipv4-tools/0.1.5/package /home/undertuga/.npm/d974bbcf-uga-npm-ipv4-tools-0-1-5-package.lock
24 silly lockFile d974bbcf-uga-npm-ipv4-tools-0-1-5-package /home/undertuga/.npm/ipv4-tools/0.1.5/package
25 silly lockFile d974bbcf-uga-npm-ipv4-tools-0-1-5-package /home/undertuga/.npm/ipv4-tools/0.1.5/package
26 silly lockFile 3a52ce78- .
27 silly lockFile 3a52ce78- .
28 silly publish { author: { name: 'undertuga' },
28 silly publish   name: 'ipv4-tools',
28 silly publish   description: 'IPv4 utility functions toolkit, developed for use on Node.JS network related projects.',
28 silly publish   version: '0.1.5',
28 silly publish   license: 'MIT',
28 silly publish   repository: { type: 'git', url: 'https://github.com/undertuga/ipv4-tools' },
28 silly publish   main: './lib/ipv4-tools',
28 silly publish   keywords:
28 silly publish    [ 'ip',
28 silly publish      'ipv4',
28 silly publish      'iptools',
28 silly publish      'network',
28 silly publish      'tcp',
28 silly publish      'dns',
28 silly publish      'cidr',
28 silly publish      'asn',
28 silly publish      'peers',
28 silly publish      'convertip' ],
28 silly publish   bin: { uppercaseme: './bin/ipv4-tools' },
28 silly publish   dependencies: { async: '>= 0.7.0' },
28 silly publish   engines: { node: '*' },
28 silly publish   readme: '#ipv4-tools\n####IPv4 utility functions toolkit, developed for use on Node.JS network related projects. \n####(NPM package)\n***\n\n######v0.1.4-x available prototypes:\n\n- **generateIPv4(*class, callback*)**\n\n\tGenerates random IPv4 according to desired class (A to E | R for random class).\n\n\t\n-\t**validateIPv4(*ipv4, callback*)**\n\n\tValidate passed IPv4 address.\n\n\n-\t**getNetworkClass(*ipv4, callback*)**\n\n\tCheck IPv4 network class.\n\n\n-\t**getNetworkData(*ipv4, callback*)**\n\n\tGet IPv4 network related data.\n\n\n-\t**getGeoLocation(*ipv4, callback*)**\n\n\tGather IPv4 Geographic Location data.\n\n\n-\t**getDnsData(*ipv4, callback*)**\n\n\tCollect IPv4 DNS related data.\n\n\n-\t**checkReputation(*ipv4, callback*)**\n\n\tChecks given IPv4 reputation @ currently provided services!\n\tCheck it or contact me for further detail or new services suggestions.\n\t\n\n-\t**ipv4ToInteger(*ipv4, callback*)**\n\n\tConverts given Ipv4 address to the correspondent integer value.\n\n\n-\t**integerToIPv4(*number, callback*)**\n\n\tConverts given integer value to correspondent IPv4 address.\n***\n',
28 silly publish   readmeFilename: 'README.md',
28 silly publish   bugs: { url: 'https://github.com/undertuga/ipv4-tools/issues' },
28 silly publish   homepage: 'https://github.com/undertuga/ipv4-tools',
28 silly publish   _id: 'ipv4-tools@0.1.5',
28 silly publish   scripts: {},
28 silly publish   _shasum: 'e422bfa742aa31fb4b26e489a819631fc0303fbe',
28 silly publish   _from: '.' }
29 error need auth auth and email required for publishing
29 error need auth You need to authorize this machine using `npm adduser`
30 error System Linux 3.14-kali1-amd64
31 error command "/usr/local/bin/node" "/usr/local/bin/npm" "publish"
32 error cwd /home/undertuga/Projects/ipv4-tools/src
33 error node -v v0.10.34
34 error npm -v 1.4.28
35 error code ENEEDAUTH
36 verbose exit [ 1, true ]
